# JRE version: Java(TM) SE Runtime Environment (11.0.3+12) (build 11.0.3+12-LTS)
# Java VM: Java HotSpot(TM) 64-Bit Server VM (11.0.3+12-LTS, mixed mode, tiered, compressed oops, g1 gc, windows-amd64)
Heap:
 garbage-first heap   total 63488K, used 35840K [0x00000000c2000000, 0x0000000100000000)
  region size 1024K, 33 young (33792K), 4 survivors (4096K)
 Metaspace       used 20458K, capacity 20846K, committed 20992K, reserved 1069056K
  class space    used 2185K, capacity 2290K, committed 2304K, reserved 1048576K
GC Heap History (8 events):
Event: 0.628 GC heap before
{Heap before GC invocations=0 (full 0):
 garbage-first heap   total 63488K, used 13312K [0x00000000c2000000, 0x0000000100000000)
  region size 1024K, 14 young (14336K), 0 survivors (0K)
 Metaspace       used 10978K, capacity 11183K, committed 11520K, reserved 1058816K
  class space    used 1099K, capacity 1154K, committed 1280K, reserved 1048576K
}
Event: 0.636 GC heap after
{Heap after GC invocations=1 (full 0):
 garbage-first heap   total 63488K, used 2918K [0x00000000c2000000, 0x0000000100000000)
  region size 1024K, 2 young (2048K), 2 survivors (2048K)
 Metaspace       used 10978K, capacity 11183K, committed 11520K, reserved 1058816K
  class space    used 1099K, capacity 1154K, committed 1280K, reserved 1048576K
}
Event: 0.791 GC heap before
{Heap before GC invocations=1 (full 0):
 garbage-first heap   total 63488K, used 14182K [0x00000000c2000000, 0x0000000100000000)
  region size 1024K, 13 young (13312K), 2 survivors (2048K)
 Metaspace       used 12221K, capacity 12408K, committed 12672K, reserved 1060864K
  class space    used 1266K, capacity 1349K, committed 1408K, reserved 1048576K
}
Event: 0.797 GC heap after
{Heap after GC invocations=2 (full 0):
 garbage-first heap   total 63488K, used 3490K [0x00000000c2000000, 0x0000000100000000)
  region size 1024K, 1 young (1024K), 1 survivors (1024K)
 Metaspace       used 12221K, capacity 12408K, committed 12672K, reserved 1060864K
  class space    used 1266K, capacity 1349K, committed 1408K, reserved 1048576K
}
Event: 1.352 GC heap before
{Heap before GC invocations=2 (full 0):
 garbage-first heap   total 63488K, used 28066K [0x00000000c2000000, 0x0000000100000000)
  region size 1024K, 26 young (26624K), 1 survivors (1024K)
 Metaspace       used 16226K, capacity 16503K, committed 16768K, reserved 1064960K
  class space    used 1775K, capacity 1876K, committed 1920K, reserved 1048576K
}
Event: 1.357 GC heap after
{Heap after GC invocations=3 (full 0):
 garbage-first heap   total 63488K, used 4778K [0x00000000c2000000, 0x0000000100000000)
  region size 1024K, 2 young (2048K), 2 survivors (2048K)
 Metaspace       used 16226K, capacity 16503K, committed 16768K, reserved 1064960K
  class space    used 1775K, capacity 1876K, committed 1920K, reserved 1048576K
}
Event: 2.033 GC heap before
{Heap before GC invocations=3 (full 0):
 garbage-first heap   total 63488K, used 35498K [0x00000000c2000000, 0x0000000100000000)
  region size 1024K, 32 young (32768K), 2 survivors (2048K)
 Metaspace       used 19954K, capacity 20378K, committed 20480K, reserved 1067008K
  class space    used 2164K, capacity 2284K, committed 2304K, reserved 1048576K
}
Event: 2.045 GC heap after
{Heap after GC invocations=4 (full 0):
 garbage-first heap   total 63488K, used 7168K [0x00000000c2000000, 0x0000000100000000)
  region size 1024K, 4 young (4096K), 4 survivors (4096K)
 Metaspace       used 19954K, capacity 20378K, committed 20480K, reserved 1067008K
  class space    used 2164K, capacity 2284K, committed 2304K, reserved 1048576K
}

