# JRE version: Java(TM) SE Runtime Environment (11.0.3+12) (build 11.0.3+12-LTS)
# Java VM: Java HotSpot(TM) 64-Bit Server VM (11.0.3+12-LTS, mixed mode, tiered, compressed oops, g1 gc, windows-amd64)
Heap:
 garbage-first heap   total 76800K, used 21083K [0x00000000c2000000, 0x0000000100000000)
  region size 1024K, 13 young (13312K), 3 survivors (3072K)
 Metaspace       used 23498K, capacity 24046K, committed 24316K, reserved 1071104K
  class space    used 2544K, capacity 2740K, committed 2816K, reserved 1048576K
GC Heap History (10 events):
Event: 1.183 GC heap before
{Heap before GC invocations=2 (full 0):
 garbage-first heap   total 63488K, used 28162K [0x00000000c2000000, 0x0000000100000000)
  region size 1024K, 26 young (26624K), 1 survivors (1024K)
 Metaspace       used 16230K, capacity 16503K, committed 16768K, reserved 1064960K
  class space    used 1773K, capacity 1876K, committed 1920K, reserved 1048576K
}
Event: 1.188 GC heap after
{Heap after GC invocations=3 (full 0):
 garbage-first heap   total 63488K, used 4936K [0x00000000c2000000, 0x0000000100000000)
  region size 1024K, 2 young (2048K), 2 survivors (2048K)
 Metaspace       used 16230K, capacity 16503K, committed 16768K, reserved 1064960K
  class space    used 1773K, capacity 1876K, committed 1920K, reserved 1048576K
}
Event: 1.927 GC heap before
{Heap before GC invocations=3 (full 0):
 garbage-first heap   total 63488K, used 39752K [0x00000000c2000000, 0x0000000100000000)
  region size 1024K, 36 young (36864K), 2 survivors (2048K)
 Metaspace       used 20030K, capacity 20446K, committed 20480K, reserved 1067008K
  class space    used 2169K, capacity 2285K, committed 2304K, reserved 1048576K
}
Event: 1.939 GC heap after
{Heap after GC invocations=4 (full 0):
 garbage-first heap   total 63488K, used 7462K [0x00000000c2000000, 0x0000000100000000)
  region size 1024K, 5 young (5120K), 5 survivors (5120K)
 Metaspace       used 20030K, capacity 20446K, committed 20480K, reserved 1067008K
  class space    used 2169K, capacity 2285K, committed 2304K, reserved 1048576K
}
Event: 2.433 GC heap before
{Heap before GC invocations=4 (full 0):
 garbage-first heap   total 63488K, used 40230K [0x00000000c2000000, 0x0000000100000000)
  region size 1024K, 37 young (37888K), 5 survivors (5120K)
 Metaspace       used 20553K, capacity 20974K, committed 20992K, reserved 1069056K
  class space    used 2187K, capacity 2290K, committed 2304K, reserved 1048576K
}
Event: 2.457 GC heap after
{Heap after GC invocations=5 (full 0):
 garbage-first heap   total 76800K, used 9232K [0x00000000c2000000, 0x0000000100000000)
  region size 1024K, 2 young (2048K), 2 survivors (2048K)
 Metaspace       used 20553K, capacity 20974K, committed 20992K, reserved 1069056K
  class space    used 2187K, capacity 2290K, committed 2304K, reserved 1048576K
}
Event: 2.719 GC heap before
{Heap before GC invocations=5 (full 0):
 garbage-first heap   total 76800K, used 29712K [0x00000000c2000000, 0x0000000100000000)
  region size 1024K, 23 young (23552K), 2 survivors (2048K)
 Metaspace       used 20801K, capacity 21194K, committed 21248K, reserved 1069056K
  class space    used 2199K, capacity 2299K, committed 2304K, reserved 1048576K
}
Event: 2.725 GC heap after
{Heap after GC invocations=6 (full 0):
 garbage-first heap   total 76800K, used 10101K [0x00000000c2000000, 0x0000000100000000)
  region size 1024K, 3 young (3072K), 3 survivors (3072K)
 Metaspace       used 20801K, capacity 21194K, committed 21248K, reserved 1069056K
  class space    used 2199K, capacity 2299K, committed 2304K, reserved 1048576K
}
Event: 3.286 GC heap before
{Heap before GC invocations=7 (full 0):
 garbage-first heap   total 76800K, used 45941K [0x00000000c2000000, 0x0000000100000000)
  region size 1024K, 38 young (38912K), 3 survivors (3072K)
 Metaspace       used 23039K, capacity 23546K, committed 23804K, reserved 1071104K
  class space    used 2515K, capacity 2699K, committed 2816K, reserved 1048576K
}
Event: 3.297 GC heap after
{Heap after GC invocations=8 (full 0):
 garbage-first heap   total 76800K, used 11867K [0x00000000c2000000, 0x0000000100000000)
  region size 1024K, 3 young (3072K), 3 survivors (3072K)
 Metaspace       used 23039K, capacity 23546K, committed 23804K, reserved 1071104K
  class space    used 2515K, capacity 2699K, committed 2816K, reserved 1048576K
}

