# JRE version: Java(TM) SE Runtime Environment (11.0.3+12) (build 11.0.3+12-LTS)
# Java VM: Java HotSpot(TM) 64-Bit Server VM (11.0.3+12-LTS, mixed mode, tiered, compressed oops, g1 gc, windows-amd64)
Heap:
 garbage-first heap   total 63488K, used 27367K [0x00000000c2000000, 0x0000000100000000)
  region size 1024K, 25 young (25600K), 4 survivors (4096K)
 Metaspace       used 20273K, capacity 20702K, committed 20736K, reserved 1067008K
  class space    used 2181K, capacity 2285K, committed 2304K, reserved 1048576K
GC Heap History (8 events):
Event: 0.652 GC heap before
{Heap before GC invocations=0 (full 0):
 garbage-first heap   total 63488K, used 13312K [0x00000000c2000000, 0x0000000100000000)
  region size 1024K, 14 young (14336K), 0 survivors (0K)
 Metaspace       used 10961K, capacity 11119K, committed 11264K, reserved 1058816K
  class space    used 1092K, capacity 1154K, committed 1280K, reserved 1048576K
}
Event: 0.659 GC heap after
{Heap after GC invocations=1 (full 0):
 garbage-first heap   total 63488K, used 2925K [0x00000000c2000000, 0x0000000100000000)
  region size 1024K, 2 young (2048K), 2 survivors (2048K)
 Metaspace       used 10961K, capacity 11119K, committed 11264K, reserved 1058816K
  class space    used 1092K, capacity 1154K, committed 1280K, reserved 1048576K
}
Event: 0.802 GC heap before
{Heap before GC invocations=1 (full 0):
 garbage-first heap   total 63488K, used 12141K [0x00000000c2000000, 0x0000000100000000)
  region size 1024K, 11 young (11264K), 2 survivors (2048K)
 Metaspace       used 12165K, capacity 12376K, committed 12672K, reserved 1060864K
  class space    used 1253K, capacity 1317K, committed 1408K, reserved 1048576K
}
Event: 0.808 GC heap after
{Heap after GC invocations=2 (full 0):
 garbage-first heap   total 63488K, used 3439K [0x00000000c2000000, 0x0000000100000000)
  region size 1024K, 1 young (1024K), 1 survivors (1024K)
 Metaspace       used 12165K, capacity 12376K, committed 12672K, reserved 1060864K
  class space    used 1253K, capacity 1317K, committed 1408K, reserved 1048576K
}
Event: 1.209 GC heap before
{Heap before GC invocations=2 (full 0):
 garbage-first heap   total 63488K, used 26991K [0x00000000c2000000, 0x0000000100000000)
  region size 1024K, 25 young (25600K), 1 survivors (1024K)
 Metaspace       used 15652K, capacity 15920K, committed 16256K, reserved 1062912K
  class space    used 1693K, capacity 1811K, committed 1920K, reserved 1048576K
}
Event: 1.213 GC heap after
{Heap after GC invocations=3 (full 0):
 garbage-first heap   total 63488K, used 4444K [0x00000000c2000000, 0x0000000100000000)
  region size 1024K, 2 young (2048K), 2 survivors (2048K)
 Metaspace       used 15652K, capacity 15920K, committed 16256K, reserved 1062912K
  class space    used 1693K, capacity 1811K, committed 1920K, reserved 1048576K
}
Event: 1.880 GC heap before
{Heap before GC invocations=3 (full 0):
 garbage-first heap   total 63488K, used 34140K [0x00000000c2000000, 0x0000000100000000)
  region size 1024K, 31 young (31744K), 2 survivors (2048K)
 Metaspace       used 19846K, capacity 20218K, committed 20480K, reserved 1067008K
  class space    used 2155K, capacity 2252K, committed 2304K, reserved 1048576K
}
Event: 1.890 GC heap after
{Heap after GC invocations=4 (full 0):
 garbage-first heap   total 63488K, used 6887K [0x00000000c2000000, 0x0000000100000000)
  region size 1024K, 4 young (4096K), 4 survivors (4096K)
 Metaspace       used 19846K, capacity 20218K, committed 20480K, reserved 1067008K
  class space    used 2155K, capacity 2252K, committed 2304K, reserved 1048576K
}

