# JRE version: Java(TM) SE Runtime Environment (11.0.3+12) (build 11.0.3+12-LTS)
# Java VM: Java HotSpot(TM) 64-Bit Server VM (11.0.3+12-LTS, mixed mode, tiered, compressed oops, g1 gc, windows-amd64)
Heap:
 garbage-first heap   total 63488K, used 12138K [0x00000000c2000000, 0x0000000100000000)
  region size 1024K, 10 young (10240K), 4 survivors (4096K)
 Metaspace       used 20104K, capacity 20509K, committed 20736K, reserved 1067008K
  class space    used 2179K, capacity 2285K, committed 2304K, reserved 1048576K
GC Heap History (8 events):
Event: 0.558 GC heap before
{Heap before GC invocations=0 (full 0):
 garbage-first heap   total 63488K, used 13312K [0x00000000c2000000, 0x0000000100000000)
  region size 1024K, 14 young (14336K), 0 survivors (0K)
 Metaspace       used 10939K, capacity 11183K, committed 11520K, reserved 1058816K
  class space    used 1093K, capacity 1154K, committed 1280K, reserved 1048576K
}
Event: 0.565 GC heap after
{Heap after GC invocations=1 (full 0):
 garbage-first heap   total 63488K, used 2912K [0x00000000c2000000, 0x0000000100000000)
  region size 1024K, 2 young (2048K), 2 survivors (2048K)
 Metaspace       used 10939K, capacity 11183K, committed 11520K, reserved 1058816K
  class space    used 1093K, capacity 1154K, committed 1280K, reserved 1048576K
}
Event: 0.714 GC heap before
{Heap before GC invocations=1 (full 0):
 garbage-first heap   total 63488K, used 13152K [0x00000000c2000000, 0x0000000100000000)
  region size 1024K, 12 young (12288K), 2 survivors (2048K)
 Metaspace       used 12203K, capacity 12376K, committed 12672K, reserved 1060864K
  class space    used 1259K, capacity 1317K, committed 1408K, reserved 1048576K
}
Event: 0.720 GC heap after
{Heap after GC invocations=2 (full 0):
 garbage-first heap   total 63488K, used 3432K [0x00000000c2000000, 0x0000000100000000)
  region size 1024K, 1 young (1024K), 1 survivors (1024K)
 Metaspace       used 12203K, capacity 12376K, committed 12672K, reserved 1060864K
  class space    used 1259K, capacity 1317K, committed 1408K, reserved 1048576K
}
Event: 1.162 GC heap before
{Heap before GC invocations=2 (full 0):
 garbage-first heap   total 63488K, used 28008K [0x00000000c2000000, 0x0000000100000000)
  region size 1024K, 26 young (26624K), 1 survivors (1024K)
 Metaspace       used 16076K, capacity 16374K, committed 16512K, reserved 1064960K
  class space    used 1749K, capacity 1876K, committed 1920K, reserved 1048576K
}
Event: 1.168 GC heap after
{Heap after GC invocations=3 (full 0):
 garbage-first heap   total 63488K, used 4645K [0x00000000c2000000, 0x0000000100000000)
  region size 1024K, 2 young (2048K), 2 survivors (2048K)
 Metaspace       used 16076K, capacity 16374K, committed 16512K, reserved 1064960K
  class space    used 1749K, capacity 1876K, committed 1920K, reserved 1048576K
}
Event: 1.831 GC heap before
{Heap before GC invocations=3 (full 0):
 garbage-first heap   total 63488K, used 35365K [0x00000000c2000000, 0x0000000100000000)
  region size 1024K, 32 young (32768K), 2 survivors (2048K)
 Metaspace       used 19879K, capacity 20282K, committed 20480K, reserved 1067008K
  class space    used 2155K, capacity 2252K, committed 2304K, reserved 1048576K
}
Event: 1.843 GC heap after
{Heap after GC invocations=4 (full 0):
 garbage-first heap   total 63488K, used 7018K [0x00000000c2000000, 0x0000000100000000)
  region size 1024K, 4 young (4096K), 4 survivors (4096K)
 Metaspace       used 19879K, capacity 20282K, committed 20480K, reserved 1067008K
  class space    used 2155K, capacity 2252K, committed 2304K, reserved 1048576K
}

