# JRE version: Java(TM) SE Runtime Environment (11.0.3+12) (build 11.0.3+12-LTS)
# Java VM: Java HotSpot(TM) 64-Bit Server VM (11.0.3+12-LTS, mixed mode, tiered, compressed oops, g1 gc, windows-amd64)
Heap:
 garbage-first heap   total 92160K, used 37221K [0x00000000c2000000, 0x0000000100000000)
  region size 1024K, 12 young (12288K), 2 survivors (2048K)
 Metaspace       used 37132K, capacity 38073K, committed 38352K, reserved 1083392K
  class space    used 4082K, capacity 4433K, committed 4560K, reserved 1048576K
GC Heap History (10 events):
Event: 3.984 GC heap before
{Heap before GC invocations=8 (full 0):
 garbage-first heap   total 76800K, used 49029K [0x00000000c2000000, 0x0000000100000000)
  region size 1024K, 40 young (40960K), 4 survivors (4096K)
 Metaspace       used 25108K, capacity 25702K, committed 25852K, reserved 1073152K
  class space    used 2753K, capacity 2954K, committed 3068K, reserved 1048576K
}
Event: 3.993 GC heap after
{Heap after GC invocations=9 (full 0):
 garbage-first heap   total 76800K, used 13999K [0x00000000c2000000, 0x0000000100000000)
  region size 1024K, 3 young (3072K), 3 survivors (3072K)
 Metaspace       used 25108K, capacity 25702K, committed 25852K, reserved 1073152K
  class space    used 2753K, capacity 2954K, committed 3068K, reserved 1048576K
}
Event: 4.571 GC heap before
{Heap before GC invocations=9 (full 0):
 garbage-first heap   total 76800K, used 52911K [0x00000000c2000000, 0x0000000100000000)
  region size 1024K, 41 young (41984K), 3 survivors (3072K)
 Metaspace       used 31187K, capacity 31844K, committed 31996K, reserved 1077248K
  class space    used 3452K, capacity 3707K, committed 3836K, reserved 1048576K
}
Event: 4.587 GC heap after
{Heap after GC invocations=10 (full 0):
 garbage-first heap   total 92160K, used 19056K [0x00000000c2000000, 0x0000000100000000)
  region size 1024K, 6 young (6144K), 6 survivors (6144K)
 Metaspace       used 31187K, capacity 31844K, committed 31996K, reserved 1077248K
  class space    used 3452K, capacity 3707K, committed 3836K, reserved 1048576K
}
Event: 4.690 GC heap before
{Heap before GC invocations=10 (full 0):
 garbage-first heap   total 92160K, used 66160K [0x00000000c2000000, 0x0000000100000000)
  region size 1024K, 52 young (53248K), 6 survivors (6144K)
 Metaspace       used 31211K, capacity 31844K, committed 31996K, reserved 1077248K
  class space    used 3452K, capacity 3707K, committed 3836K, reserved 1048576K
}
Event: 4.703 GC heap after
{Heap after GC invocations=11 (full 0):
 garbage-first heap   total 92160K, used 22220K [0x00000000c2000000, 0x0000000100000000)
  region size 1024K, 6 young (6144K), 6 survivors (6144K)
 Metaspace       used 31211K, capacity 31844K, committed 31996K, reserved 1077248K
  class space    used 3452K, capacity 3707K, committed 3836K, reserved 1048576K
}
Event: 6.111 GC heap before
{Heap before GC invocations=11 (full 0):
 garbage-first heap   total 92160K, used 67276K [0x00000000c2000000, 0x0000000100000000)
  region size 1024K, 50 young (51200K), 6 survivors (6144K)
 Metaspace       used 33833K, capacity 34522K, committed 34812K, reserved 1079296K
  class space    used 3676K, capacity 3953K, committed 4092K, reserved 1048576K
}
Event: 6.136 GC heap after
{Heap after GC invocations=12 (full 0):
 garbage-first heap   total 92160K, used 26439K [0x00000000c2000000, 0x0000000100000000)
  region size 1024K, 7 young (7168K), 7 survivors (7168K)
 Metaspace       used 33833K, capacity 34522K, committed 34812K, reserved 1079296K
  class space    used 3676K, capacity 3953K, committed 4092K, reserved 1048576K
}
Event: 6.550 GC heap before
{Heap before GC invocations=12 (full 0):
 garbage-first heap   total 92160K, used 46919K [0x00000000c2000000, 0x0000000100000000)
  region size 1024K, 28 young (28672K), 7 survivors (7168K)
 Metaspace       used 35111K, capacity 35907K, committed 36048K, reserved 1081344K
  class space    used 3851K, capacity 4197K, committed 4304K, reserved 1048576K
}
Event: 6.573 GC heap after
{Heap after GC invocations=13 (full 0):
 garbage-first heap   total 92160K, used 28005K [0x00000000c2000000, 0x0000000100000000)
  region size 1024K, 2 young (2048K), 2 survivors (2048K)
 Metaspace       used 35111K, capacity 35907K, committed 36048K, reserved 1081344K
  class space    used 3851K, capacity 4197K, committed 4304K, reserved 1048576K
}

